  Camera.cpp
  DisplayManager.cpp
e:\opengl\openglvs\openglvs\displaymanager.cpp(51): warning C4244: 'initializing': conversion from 'double' to 'float', possible loss of data
e:\opengl\openglvs\openglvs\displaymanager.cpp(55): warning C4244: 'initializing': conversion from 'int' to 'float', possible loss of data
e:\opengl\openglvs\openglvs\displaymanager.cpp(56): warning C4244: 'initializing': conversion from 'int' to 'float', possible loss of data
  Entity.cpp
  EntityRenderer.cpp
  Game.cpp
  InputManager.cpp
e:\opengl\openglvs\openglvs\inputmanager.cpp(48): warning C4244: '=': conversion from 'double' to 'float', possible loss of data
e:\opengl\openglvs\openglvs\inputmanager.cpp(49): warning C4244: '=': conversion from 'double' to 'float', possible loss of data
e:\opengl\openglvs\openglvs\inputmanager.cpp(50): warning C4244: '=': conversion from 'double' to 'float', possible loss of data
e:\opengl\openglvs\openglvs\inputmanager.cpp(51): warning C4244: '=': conversion from 'double' to 'float', possible loss of data
e:\opengl\openglvs\openglvs\inputmanager.cpp(80): warning C4244: '=': conversion from 'double' to 'float', possible loss of data
  Light.cpp
  Loader.cpp
  main.cpp
  MasterRenderer.cpp
  Model.cpp
  ModelTexture.cpp
  OBJLoader.cpp
  Player.cpp
e:\opengl\openglvs\openglvs\player.cpp(17): warning C4244: 'initializing': conversion from 'double' to 'float', possible loss of data
e:\opengl\openglvs\openglvs\player.cpp(21): warning C4244: '+=': conversion from 'double' to 'float', possible loss of data
e:\opengl\openglvs\openglvs\player.cpp(23): warning C4244: 'argument': conversion from 'double' to 'float', possible loss of data
e:\opengl\openglvs\openglvs\player.cpp(24): warning C4244: 'argument': conversion from 'double' to 'float', possible loss of data
e:\opengl\openglvs\openglvs\player.cpp(30): warning C4244: 'argument': conversion from 'int' to 'float', possible loss of data
e:\opengl\openglvs\openglvs\player.cpp(47): warning C4244: '=': conversion from 'int' to 'float', possible loss of data
e:\opengl\openglvs\openglvs\player.cpp(53): warning C4244: '=': conversion from 'int' to 'float', possible loss of data
e:\opengl\openglvs\openglvs\player.cpp(57): warning C4244: '=': conversion from 'int' to 'float', possible loss of data
e:\opengl\openglvs\openglvs\player.cpp(66): warning C4244: '=': conversion from 'int' to 'float', possible loss of data
e:\opengl\openglvs\openglvs\player.cpp(70): warning C4244: '=': conversion from 'int' to 'float', possible loss of data
  StaticShader.cpp
  Terrain.cpp
e:\opengl\openglvs\openglvs\terrain.cpp(35): warning C4244: '=': conversion from 'int' to '_Ty', possible loss of data
          with
          [
              _Ty=float
          ]
  TerrainRenderer.cpp
  TerrainShader.cpp
  TerrainTexture.cpp
  TerrainTexturePack.cpp
  Compiling...
  TexturedModel.cpp
soil2-debug.lib(SOIL2.obj) : warning LNK4075: ignoring '/EDITANDCONTINUE' due to '/OPT:ICF' specification
LINK : warning LNK4098: defaultlib 'LIBCMT' conflicts with use of other libs; use /NODEFAULTLIB:library
LINK : warning LNK4098: defaultlib 'MSVCRTD' conflicts with use of other libs; use /NODEFAULTLIB:library
  Generating code
  All 2801 functions were compiled because no usable IPDB/IOBJ from previous compilation was found.
  Finished generating code
glew32s.lib(glew.obj) : warning LNK4099: PDB 'vc120.pdb' was not found with 'glew32s.lib(glew.obj)' or at 'E:\OpenGL\OpenGLVS\Release\vc120.pdb'; linking object as if no debug info
soil2-debug.lib(etc1_utils.obj) : warning LNK4099: PDB 'soil2-debug.pdb' was not found with 'soil2-debug.lib(etc1_utils.obj)' or at 'E:\OpenGL\OpenGLVS\Release\soil2-debug.pdb'; linking object as if no debug info
soil2-debug.lib(image_DXT.obj) : warning LNK4099: PDB 'soil2-debug.pdb' was not found with 'soil2-debug.lib(image_DXT.obj)' or at 'E:\OpenGL\OpenGLVS\Release\soil2-debug.pdb'; linking object as if no debug info
soil2-debug.lib(image_helper.obj) : warning LNK4099: PDB 'soil2-debug.pdb' was not found with 'soil2-debug.lib(image_helper.obj)' or at 'E:\OpenGL\OpenGLVS\Release\soil2-debug.pdb'; linking object as if no debug info
soil2-debug.lib(SOIL2.obj) : warning LNK4099: PDB 'soil2-debug.pdb' was not found with 'soil2-debug.lib(SOIL2.obj)' or at 'E:\OpenGL\OpenGLVS\Release\soil2-debug.pdb'; linking object as if no debug info
  OpenGLVS.vcxproj -> E:\OpenGL\OpenGLVS\Release\OpenGLVS.exe
