  Camera.cpp
  EntityRenderer.cpp
  Game.cpp
  InputManager.cpp
e:\opengl\openglvs\openglvs\inputmanager.cpp(48): warning C4244: '=': conversion from 'double' to 'float', possible loss of data
e:\opengl\openglvs\openglvs\inputmanager.cpp(49): warning C4244: '=': conversion from 'double' to 'float', possible loss of data
e:\opengl\openglvs\openglvs\inputmanager.cpp(50): warning C4244: '=': conversion from 'double' to 'float', possible loss of data
e:\opengl\openglvs\openglvs\inputmanager.cpp(51): warning C4244: '=': conversion from 'double' to 'float', possible loss of data
e:\opengl\openglvs\openglvs\inputmanager.cpp(80): warning C4244: '=': conversion from 'double' to 'float', possible loss of data
  MasterRenderer.cpp
  Player.cpp
e:\opengl\openglvs\openglvs\player.cpp(17): warning C4244: 'initializing': conversion from 'double' to 'float', possible loss of data
e:\opengl\openglvs\openglvs\player.cpp(21): warning C4244: '+=': conversion from 'double' to 'float', possible loss of data
e:\opengl\openglvs\openglvs\player.cpp(23): warning C4244: 'argument': conversion from 'double' to 'float', possible loss of data
e:\opengl\openglvs\openglvs\player.cpp(24): warning C4244: 'argument': conversion from 'double' to 'float', possible loss of data
e:\opengl\openglvs\openglvs\player.cpp(30): warning C4244: 'argument': conversion from 'int' to 'float', possible loss of data
e:\opengl\openglvs\openglvs\player.cpp(47): warning C4244: '=': conversion from 'int' to 'float', possible loss of data
e:\opengl\openglvs\openglvs\player.cpp(53): warning C4244: '=': conversion from 'int' to 'float', possible loss of data
e:\opengl\openglvs\openglvs\player.cpp(57): warning C4244: '=': conversion from 'int' to 'float', possible loss of data
e:\opengl\openglvs\openglvs\player.cpp(66): warning C4244: '=': conversion from 'int' to 'float', possible loss of data
e:\opengl\openglvs\openglvs\player.cpp(70): warning C4244: '=': conversion from 'int' to 'float', possible loss of data
  StaticShader.cpp
  Terrain.cpp
e:\opengl\openglvs\openglvs\terrain.cpp(35): warning C4244: '=': conversion from 'int' to 'float', possible loss of data
  TerrainRenderer.cpp
  TerrainShader.cpp
  main.cpp
  Generating Code...
  OpenGLVS.vcxproj -> E:\OpenGL\OpenGLVS\Debug\OpenGLVS.exe
